<?xml version="1.0" encoding="utf-8"?><testsuites name="pytest tests"><testsuite name="pytest" errors="0" failures="2" skipped="0" tests="10" time="43.537" timestamp="2026-04-25T14:50:21.093572+00:00" hostname="agent-env-d76fabe3-65a1-48b7-a390-928ab12da491"><testcase classname="backend.tests.test_iteration7.TestTCFieldsPopulated" name="test_tc_page1_has_value_fields" time="41.822" /><testcase classname="backend.tests.test_iteration7.TestTCFooterEveryPage" name="test_footer_on_every_page" time="0.088" /><testcase classname="backend.tests.test_iteration7.TestTCNoStudentSplit" name="test_no_student_overflow" time="0.115" /><testcase classname="backend.tests.test_iteration7.TestTCNoGradeReference" name="test_tc_no_grade_reference" time="0.114" /><testcase classname="backend.tests.test_iteration7.TestGSHeaderSingleLine" name="test_institute_and_university_present" time="0.164" /><testcase classname="backend.tests.test_iteration7.TestGSSignatureOrder" name="test_director_after_examination_controller" time="0.202"><failure message="AssertionError: Director should appear AFTER Examination Controller (right side)&#10;assert 86.66716003417969 &gt; 86.66716003417969">backend/tests/test_iteration7.py:197: in test_director_after_examination_controller
    assert dir_pos[1] &gt; ec_pos[1], \
E   AssertionError: Director should appear AFTER Examination Controller (right side)
E   assert 86.66716003417969 &gt; 86.66716003417969</failure></testcase><testcase classname="backend.tests.test_iteration7.TestGSSemesterHistoryTable" name="test_semester_history_present" time="0.164" /><testcase classname="backend.tests.test_iteration7.TestGSImagesAndPageCount" name="test_three_images_and_no_overflow" time="0.240" /><testcase classname="backend.tests.test_iteration7.TestGSExamSessionFromSheet" name="test_exam_session_present" time="0.186" /><testcase classname="backend.tests.test_iteration7.TestPerStudentGSWithSummary" name="test_per_student_gs_has_summary" time="0.250"><failure message="assert 'Earned Credits' in &quot;Generated electronically by GBPIET Examination Cell • This document carries a verification barcode.\nPage 1\nGOVIND BALLABH PANT INSTITUTE OF ENGINEERING AND\nTECHNOLOGY, Pauri Garhwal — affiliated to Veer Madho Singh Bhandari\nUttarakhand Technical University\nAn Autonomous Institute of the Government of Uttarakhand\nGRADE SHEET\nB.Tech   |   Computer Science &amp; Engineering (AIML)\nI Semester  ·  December 2025\nNAME\nAbdul Mueej\nUNIVERSITY ROLL NO.\n220090170001\nFATHER'S NAME\nSajid Hasan\nUNIVERSITY ENROLLMENT\nNO.\nUTU/2201100662\nSubject Code\nSubject Name\nCredits\nGrade\nGrade Points\nAHT 002\nEngineering Chemistry\n4\nP\n4.5\nAHT 003\nIntroduction to Engineering Mathematics\n4\nE\n5\nECT 001\nBasic Electronics Engineering\n4\nE\n5\nMET 001\nBasic Mechanical Engineering\n4\nP\n4.5\nAHP 002\nEngineering Chemistry Lab\n1\nC+\n7.5\nECP 001\nBasic Electronics Engineering Lab\n1\nC\n7\nMEP 001\nBasic Mechanical Engineering Lab\n1\nB+\n8.5\nMEP 003\nWorkshop Practices Lab\n2\nB+\n8.5\nAHP 004\nEmerging Technologies in Engineering Lab\n1\nA\n9\nCSP 002\nComputer Applications and IOT\n1\nC+\n7.5\nAHP 006\nEnglish Language Lab ($)\n0\nA\n9\nGP 01\nGeneral Proficiency ($)\n0\nExcellent\nTotal Credits / Total Grade Points\n23\n—\n132.5\nSemester-wise Result History\nSemester\nI\nII\nIII\nIV\nV\nVI\nVII\nVIII\nSGPA\n5.76\n5.98\n5.87\n6.41\n6.27\n6.24\n7.63\n—\nCGPA\n5.76\n5.87\n5.87\n6.00\n6.05\n6.08\n6.27\n—\nEarned Cr.\n23\n23\n23\n22\n22\n21\n19\n—\nResult\nPASS\nPASS\nPASS\nPASS\nPASS\nPASS\nPASS\n—\nSGPA\n5.76\nCGPA\n5.76\nEARNED CREDITS\n23\nRESULT\nPASS\nREMARK: G+2 in AHT 002\nPrepared by\nChecked by\nExamination Controller\nDirector\n&quot;">backend/tests/test_iteration7.py:274: in test_per_student_gs_has_summary
    assert "Earned Credits" in t
E   assert 'Earned Credits' in "Generated electronically by GBPIET Examination Cell • This document carries a verification barcode.\nPage 1\nGOVIND BALLABH PANT INSTITUTE OF ENGINEERING AND\nTECHNOLOGY, Pauri Garhwal — affiliated to Veer Madho Singh Bhandari\nUttarakhand Technical University\nAn Autonomous Institute of the Government of Uttarakhand\nGRADE SHEET\nB.Tech   |   Computer Science &amp; Engineering (AIML)\nI Semester  ·  December 2025\nNAME\nAbdul Mueej\nUNIVERSITY ROLL NO.\n220090170001\nFATHER'S NAME\nSajid Hasan\nUNIVERSITY ENROLLMENT\nNO.\nUTU/2201100662\nSubject Code\nSubject Name\nCredits\nGrade\nGrade Points\nAHT 002\nEngineering Chemistry\n4\nP\n4.5\nAHT 003\nIntroduction to Engineering Mathematics\n4\nE\n5\nECT 001\nBasic Electronics Engineering\n4\nE\n5\nMET 001\nBasic Mechanical Engineering\n4\nP\n4.5\nAHP 002\nEngineering Chemistry Lab\n1\nC+\n7.5\nECP 001\nBasic Electronics Engineering Lab\n1\nC\n7\nMEP 001\nBasic Mechanical Engineering Lab\n1\nB+\n8.5\nMEP 003\nWorkshop Practices Lab\n2\nB+\n8.5\nAHP 004\nEmerging Technologies in Engineering Lab\n1\nA\n9\nCSP 002\nComputer Applications and IOT\n1\nC+\n7.5\nAHP 006\nEnglish Language Lab ($)\n0\nA\n9\nGP 01\nGeneral Proficiency ($)\n0\nExcellent\nTotal Credits / Total Grade Points\n23\n—\n132.5\nSemester-wise Result History\nSemester\nI\nII\nIII\nIV\nV\nVI\nVII\nVIII\nSGPA\n5.76\n5.98\n5.87\n6.41\n6.27\n6.24\n7.63\n—\nCGPA\n5.76\n5.87\n5.87\n6.00\n6.05\n6.08\n6.27\n—\nEarned Cr.\n23\n23\n23\n22\n22\n21\n19\n—\nResult\nPASS\nPASS\nPASS\nPASS\nPASS\nPASS\nPASS\n—\nSGPA\n5.76\nCGPA\n5.76\nEARNED CREDITS\n23\nRESULT\nPASS\nREMARK: G+2 in AHT 002\nPrepared by\nChecked by\nExamination Controller\nDirector\n"</failure></testcase></testsuite></testsuites>