<?xml version="1.0" encoding="utf-8"?><testsuites name="pytest tests"><testsuite name="pytest" errors="0" failures="2" skipped="2" tests="50" time="155.912" timestamp="2026-04-25T14:51:28.764210+00:00" hostname="agent-env-d76fabe3-65a1-48b7-a390-928ab12da491"><testcase classname="backend.tests.test_iteration6.TestTCFooterAndFields" name="test_tc_a3_portrait" time="42.139" /><testcase classname="backend.tests.test_iteration6.TestTCFooterAndFields" name="test_tc_contains_credit_fields" time="0.120" /><testcase classname="backend.tests.test_iteration6.TestTCFooterAndFields" name="test_tc_footer_signatures" time="0.090" /><testcase classname="backend.tests.test_iteration6.TestTCFooterAndFields" name="test_tc_four_students_per_page" time="0.089"><failure message="AssertionError: Page 1 should have 4 students, got 2&#10;assert 2 == 4">backend/tests/test_iteration6.py:101: in test_tc_four_students_per_page
    assert count == 4, f"Page 1 should have 4 students, got {count}"
E   AssertionError: Page 1 should have 4 students, got 2
E   assert 2 == 4</failure></testcase><testcase classname="backend.tests.test_iteration6.TestGSLayout" name="test_gs_page1_contents" time="0.168" /><testcase classname="backend.tests.test_iteration6.TestCumlEarnedCreditsPersistence" name="test_cuml_earned_credits_in_per_student_gs" time="0.311"><failure message="AssertionError: Per-student GS missing 'Earned Credits'&#10;assert 'Earned Credits' in &quot;Generated electronically by GBPIET Examination Cell • This document carries a verification barcode.\nPage 1\nGOVIND BALLABH PANT INSTITUTE OF ENGINEERING AND\nTECHNOLOGY, Pauri Garhwal — affiliated to Veer Madho Singh Bhandari\nUttarakhand Technical University\nAn Autonomous Institute of the Government of Uttarakhand\nGRADE SHEET\nB.Tech   |   Computer Science &amp; Engineering (AIML)\nI Semester  ·  December 2025\nNAME\nAbdul Mueej\nUNIVERSITY ROLL NO.\n220090170001\nFATHER'S NAME\nSajid Hasan\nUNIVERSITY ENROLLMENT\nNO.\nUTU/2201100662\nSubject Code\nSubject Name\nCredits\nGrade\nGrade Points\nAHT 002\nEngineering Chemistry\n4\nP\n4.5\nAHT 003\nIntroduction to Engineering Mathematics\n4\nE\n5\nECT 001\nBasic Electronics Engineering\n4\nE\n5\nMET 001\nBasic Mechanical Engineering\n4\nP\n4.5\nAHP 002\nEngineering Chemistry Lab\n1\nC+\n7.5\nECP 001\nBasic Electronics Engineering Lab\n1\nC\n7\nMEP 001\nBasic Mechanical Engineering Lab\n1\nB+\n8.5\nMEP 003\nWorkshop Practices Lab\n2\nB+\n8.5\nAHP 004\nEmerging Technologies in Engineering Lab\n1\nA\n9\nCSP 002\nComputer Applications and IOT\n1\nC+\n7.5\nAHP 006\nEnglish Language Lab ($)\n0\nA\n9\nGP 01\nGeneral Proficiency ($)\n0\nExcellent\nTotal Credits / Total Grade Points\n23\n—\n132.5\nSemester-wise Result History\nSemester\nI\nII\nIII\nIV\nV\nVI\nVII\nVIII\nSGPA\n5.76\n5.98\n5.87\n6.41\n6.27\n6.24\n7.63\n—\nCGPA\n5.76\n5.87\n5.87\n6.00\n6.05\n6.08\n6.27\n—\nEarned Cr.\n23\n23\n23\n22\n22\n21\n19\n—\nResult\nPASS\nPASS\nPASS\nPASS\nPASS\nPASS\nPASS\n—\nSGPA\n5.76\nCGPA\n5.76\nEARNED CREDITS\n23\nRESULT\nPASS\nREMARK: G+2 in AHT 002\nPrepared by\nChecked by\nExamination Controller\nDirector\n&quot;">backend/tests/test_iteration6.py:139: in test_cuml_earned_credits_in_per_student_gs
    assert "Earned Credits" in t, "Per-student GS missing 'Earned Credits'"
E   AssertionError: Per-student GS missing 'Earned Credits'
E   assert 'Earned Credits' in "Generated electronically by GBPIET Examination Cell • This document carries a verification barcode.\nPage 1\nGOVIND BALLABH PANT INSTITUTE OF ENGINEERING AND\nTECHNOLOGY, Pauri Garhwal — affiliated to Veer Madho Singh Bhandari\nUttarakhand Technical University\nAn Autonomous Institute of the Government of Uttarakhand\nGRADE SHEET\nB.Tech   |   Computer Science &amp; Engineering (AIML)\nI Semester  ·  December 2025\nNAME\nAbdul Mueej\nUNIVERSITY ROLL NO.\n220090170001\nFATHER'S NAME\nSajid Hasan\nUNIVERSITY ENROLLMENT\nNO.\nUTU/2201100662\nSubject Code\nSubject Name\nCredits\nGrade\nGrade Points\nAHT 002\nEngineering Chemistry\n4\nP\n4.5\nAHT 003\nIntroduction to Engineering Mathematics\n4\nE\n5\nECT 001\nBasic Electronics Engineering\n4\nE\n5\nMET 001\nBasic Mechanical Engineering\n4\nP\n4.5\nAHP 002\nEngineering Chemistry Lab\n1\nC+\n7.5\nECP 001\nBasic Electronics Engineering Lab\n1\nC\n7\nMEP 001\nBasic Mechanical Engineering Lab\n1\nB+\n8.5\nMEP 003\nWorkshop Practices Lab\n2\nB+\n8.5\nAHP 004\nEmerging Technologies in Engineering Lab\n1\nA\n9\nCSP 002\nComputer Applications and IOT\n1\nC+\n7.5\nAHP 006\nEnglish Language Lab ($)\n0\nA\n9\nGP 01\nGeneral Proficiency ($)\n0\nExcellent\nTotal Credits / Total Grade Points\n23\n—\n132.5\nSemester-wise Result History\nSemester\nI\nII\nIII\nIV\nV\nVI\nVII\nVIII\nSGPA\n5.76\n5.98\n5.87\n6.41\n6.27\n6.24\n7.63\n—\nCGPA\n5.76\n5.87\n5.87\n6.00\n6.05\n6.08\n6.27\n—\nEarned Cr.\n23\n23\n23\n22\n22\n21\n19\n—\nResult\nPASS\nPASS\nPASS\nPASS\nPASS\nPASS\nPASS\n—\nSGPA\n5.76\nCGPA\n5.76\nEARNED CREDITS\n23\nRESULT\nPASS\nREMARK: G+2 in AHT 002\nPrepared by\nChecked by\nExamination Controller\nDirector\n"</failure></testcase><testcase classname="backend.tests.test_iteration6.TestCumlEarnedCreditsPersistence" name="test_cuml_in_tc_per_student_block" time="0.122" /><testcase classname="backend.tests.test_iteration7.TestTCFieldsPopulated" name="test_tc_page1_has_value_fields" time="42.405" /><testcase classname="backend.tests.test_iteration7.TestTCFooterEveryPage" name="test_footer_on_every_page" time="0.096" /><testcase classname="backend.tests.test_iteration7.TestTCNoStudentSplit" name="test_no_student_overflow" time="0.122" /><testcase classname="backend.tests.test_iteration7.TestTCNoGradeReference" name="test_tc_no_grade_reference" time="0.118" /><testcase classname="backend.tests.test_iteration7.TestGSHeaderSingleLine" name="test_institute_and_university_present" time="0.168" /><testcase classname="backend.tests.test_iteration7.TestGSSignatureOrder" name="test_director_after_examination_controller" time="0.181" /><testcase classname="backend.tests.test_iteration7.TestGSSemesterHistoryTable" name="test_semester_history_present" time="0.168" /><testcase classname="backend.tests.test_iteration7.TestGSImagesAndPageCount" name="test_three_images_and_no_overflow" time="0.230" /><testcase classname="backend.tests.test_iteration7.TestGSExamSessionFromSheet" name="test_exam_session_present" time="0.171" /><testcase classname="backend.tests.test_iteration7.TestPerStudentGSWithSummary" name="test_per_student_gs_has_summary" time="0.268" /><testcase classname="backend.tests.test_portal_api.TestAuth" name="test_login_success" time="0.425" /><testcase classname="backend.tests.test_portal_api.TestAuth" name="test_login_invalid" time="0.267" /><testcase classname="backend.tests.test_portal_api.TestAuth" name="test_me_with_bearer" time="0.315" /><testcase classname="backend.tests.test_portal_api.TestAuth" name="test_me_unauthenticated" time="0.120" /><testcase classname="backend.tests.test_portal_api.TestMeta" name="test_meta_programs" time="0.048" /><testcase classname="backend.tests.test_portal_api.TestUploads" name="test_upload_tc_excel_counts" time="17.978" /><testcase classname="backend.tests.test_portal_api.TestUploads" name="test_upload_response_match_fields" time="0.000" /><testcase classname="backend.tests.test_portal_api.TestUploads" name="test_upload_gs_counts" time="5.562" /><testcase classname="backend.tests.test_portal_api.TestUploads" name="test_download_tc_pdf" time="0.094" /><testcase classname="backend.tests.test_portal_api.TestUploads" name="test_download_gs_pdf" time="0.186" /><testcase classname="backend.tests.test_portal_api.TestUploads" name="test_list_uploads" time="0.048" /><testcase classname="backend.tests.test_portal_api.TestUploads" name="test_list_students" time="0.056" /><testcase classname="backend.tests.test_portal_api.TestUploads" name="test_admin_stats" time="0.061" /><testcase classname="backend.tests.test_portal_api.TestStudent" name="test_student_login_invalid" time="0.048" /><testcase classname="backend.tests.test_portal_api.TestStudent" name="test_student_login_no_dob" time="0.104" /><testcase classname="backend.tests.test_portal_api.TestStudent" name="test_student_login_dob_ignored" time="0.112" /><testcase classname="backend.tests.test_portal_api.TestExcelOnly" name="test_excel_only_response_shape" time="41.358" /><testcase classname="backend.tests.test_portal_api.TestExcelOnly" name="test_excel_only_missing_file_422" time="0.137" /><testcase classname="backend.tests.test_portal_api.TestExcelOnly" name="test_excel_only_invalid_workbook_400" time="0.241" /><testcase classname="backend.tests.test_portal_api.TestExcelOnly" name="test_download_sem_tc_pdf" time="0.079" /><testcase classname="backend.tests.test_portal_api.TestExcelOnly" name="test_download_sem_gs_pdf_with_barcode" time="0.160" /><testcase classname="backend.tests.test_portal_api.TestExcelOnly" name="test_download_sem_invalid_404" time="0.047" /><testcase classname="backend.tests.test_portal_api.TestExcelOnly" name="test_list_uploads_includes_excel_only" time="0.050" /><testcase classname="backend.tests.test_portal_api.TestExcelOnly" name="test_student_login_valid" time="0.104" /><testcase classname="backend.tests.test_portal_api.TestI4TcPdf" name="test_tc_page_size_a3_portrait" time="0.094" /><testcase classname="backend.tests.test_portal_api.TestI4TcPdf" name="test_tc_contains_enrollment_and_grades" time="0.121" /><testcase classname="backend.tests.test_portal_api.TestI4TcPdf" name="test_tc_totals_row_present" time="0.115" /><testcase classname="backend.tests.test_portal_api.TestI4GsPdf" name="test_gs_page_size_a4_portrait" time="0.173" /><testcase classname="backend.tests.test_portal_api.TestI4GsPdf" name="test_gs_no_slno_no_provisional_has_grade_sheet" time="0.184" /><testcase classname="backend.tests.test_portal_api.TestI4GsPdf" name="test_gs_three_images_per_sampled_page" time="0.167" /><testcase classname="backend.tests.test_portal_api.TestI4GradeReference" name="test_btech_grade_table_btech_reference" time="0.000"><skipped type="pytest.skip" message="iteration 7 removed grade reference table from PDFs">/app/backend/tests/test_portal_api.py:486: iteration 7 removed grade reference table from PDFs</skipped></testcase><testcase classname="backend.tests.test_portal_api.TestI4GradeReference" name="test_mtech_grade_table_mtech_reference" time="0.000"><skipped type="pytest.skip" message="iteration 7 removed grade reference table from PDFs">/app/backend/tests/test_portal_api.py:490: iteration 7 removed grade reference table from PDFs</skipped></testcase><testcase classname="backend.tests.test_portal_api.TestI4EnrollmentPersistence" name="test_enroll_no_for_known_roll" time="0.248" /></testsuite></testsuites>