<?xml version="1.0" encoding="utf-8"?><testsuites name="pytest tests"><testsuite name="pytest" errors="0" failures="0" skipped="0" tests="17" time="24.072" timestamp="2026-04-25T06:52:38.231498+00:00" hostname="agent-env-d76fabe3-65a1-48b7-a390-928ab12da491"><testcase classname="backend.tests.test_portal_api.TestAuth" name="test_login_success" time="0.463" /><testcase classname="backend.tests.test_portal_api.TestAuth" name="test_login_invalid" time="0.267" /><testcase classname="backend.tests.test_portal_api.TestAuth" name="test_me_with_bearer" time="0.315" /><testcase classname="backend.tests.test_portal_api.TestAuth" name="test_me_unauthenticated" time="0.106" /><testcase classname="backend.tests.test_portal_api.TestMeta" name="test_meta_programs" time="0.043" /><testcase classname="backend.tests.test_portal_api.TestUploads" name="test_upload_tc_excel_counts" time="17.657" /><testcase classname="backend.tests.test_portal_api.TestUploads" name="test_upload_response_match_fields" time="0.000" /><testcase classname="backend.tests.test_portal_api.TestUploads" name="test_upload_gs_counts" time="4.362" /><testcase classname="backend.tests.test_portal_api.TestUploads" name="test_download_tc_pdf" time="0.115" /><testcase classname="backend.tests.test_portal_api.TestUploads" name="test_download_gs_pdf" time="0.127" /><testcase classname="backend.tests.test_portal_api.TestUploads" name="test_list_uploads" time="0.044" /><testcase classname="backend.tests.test_portal_api.TestUploads" name="test_list_students" time="0.049" /><testcase classname="backend.tests.test_portal_api.TestUploads" name="test_admin_stats" time="0.045" /><testcase classname="backend.tests.test_portal_api.TestStudent" name="test_student_login_invalid" time="0.043" /><testcase classname="backend.tests.test_portal_api.TestStudent" name="test_student_login_no_dob" time="0.094" /><testcase classname="backend.tests.test_portal_api.TestStudent" name="test_student_login_dob_ignored" time="0.089" /><testcase classname="backend.tests.test_portal_api.TestStudent" name="test_student_login_valid" time="0.087" /></testsuite></testsuites>